-------------------------------------------------------------------------------
Test set: calendar.TimeTableRandomTest
-------------------------------------------------------------------------------
Tests run: 2, Failures: 0, Errors: 2, Skipped: 0, Time elapsed: 0 sec <<< FAILURE!
testGetApptRange(calendar.TimeTableRandomTest)  Time elapsed: 0 sec  <<< ERROR!
java.lang.ArrayIndexOutOfBoundsException

testDeleteAppt(calendar.TimeTableRandomTest)  Time elapsed: 0 sec  <<< ERROR!
java.lang.ArrayIndexOutOfBoundsException

